<?xml version="1.0" encoding="UTF-8"?>
<!-- Generated by org.testng.reporters.JUnitXMLReporter -->
<testsuite ignored="0" hostname="DESKTOP-R1OQVL4" failures="1" tests="6" name="Command line test" time="101.121" errors="0" timestamp="2021-10-07T13:54:39 EEST">
  <testcase classname="tests.auto.negative.FiltersTest" name="filterByMileAge" time="14.987"/>
  <testcase classname="tests.auto.positive.FiltersTest" name="checkBrandInTheList" time="15.466"/>
  <testcase classname="tests.auto.positive.FiltersTest" name="checkPriceFields" time="13.953"/>
  <testcase classname="tests.auto.positive.FiltersTest" name="defaultFiltersValues" time="13.52"/>
  <testcase classname="tests.auto.positive.FiltersTest" name="filterByMileAge" time="13.986">
    <failure type="java.lang.AssertionError" message="expected [70000 км] but found []">
      <![CDATA[java.lang.AssertionError: expected [70000 км] but found []
at tests.auto.positive.FiltersTest.filterByMileAge(FiltersTest.java:55)
at java.base/java.util.ArrayList.forEach(ArrayList.java:1511)
... Removed 42 stack frames]]>
    </failure>
  </testcase> <!-- filterByMileAge -->
  <testcase classname="tests.auto.positive.FiltersTest" name="sortingByPrice" time="14.817"/>
</testsuite> <!-- Command line test -->
