<!DOCTYPE html PUBLIC "-//W3C//DTD XHTML 1.1//EN" "http://www.w3.org/TR/xhtml11/DTD/xhtml11.dtd">
<html xmlns="http://www.w3.org/1999/xhtml">
<head>
<meta http-equiv="content-type" content="text/html; charset=UTF-8"/>
<title>TestNG Report</title>
<style type="text/css">table {margin-bottom:10px;border-collapse:collapse;empty-cells:show}th,td {border:1px solid #009;padding:.25em .5em}th {vertical-align:bottom}td {vertical-align:top}table a {font-weight:bold}.stripe td {background-color: #E6EBF9}.num {text-align:right}.passedodd td {background-color: #3F3}.passedeven td {background-color: #0A0}.skippedodd td {background-color: #DDD}.skippedeven td {background-color: #CCC}.failedodd td,.attn {background-color: #F33}.failedeven td,.stripe .attn {background-color: #D00}.stacktrace {white-space:pre;font-family:monospace}.totop {font-size:85%;text-align:center;border-bottom:2px solid #000}.invisible {display:none}</style>
</head>
<body>
<table>
<tr><th>Test</th><th># Passed</th><th># Skipped</th><th># Retried</th><th># Failed</th><th>Time (ms)</th><th>Included Groups</th><th>Excluded Groups</th></tr>
<tr><th colspan="8">Surefire suite</th></tr>
<tr><td><a href="#t0">Surefire test</a></td><td class="num">0</td><td class="num attn">4</td><td class="num">0</td><td class="num attn">5</td><td class="num">91,439</td><td></td><td></td></tr>
</table>
<table id='summary'><thead><tr><th>Class</th><th>Method</th><th>Start</th><th>Time (ms)</th></tr></thead><tbody><tr><th colspan="4">Surefire suite</th></tr></tbody><tbody id="t0"><tr><th colspan="4">Surefire test &#8212; failed (configuration methods)</th></tr><tr class="failedeven"><td rowspan="1">tests.auto.positive.FiltersTest</td><td><a href="#m0">start</a></td><td rowspan="1">1634724676240</td><td rowspan="1">3</td></tr><tr><th colspan="4">Surefire test &#8212; failed</th></tr><tr class="failedeven"><td rowspan="5">tests.auto.negative.FiltersTest</td><td><a href="#m1">filterByMileage</a></td><td rowspan="5">1634724637150</td><td rowspan="5">1442</td></tr><tr class="failedeven"><td><a href="#m2">filterByMileage</a></td></tr><tr class="failedeven"><td><a href="#m3">filterByMileage</a></td></tr><tr class="failedeven"><td><a href="#m4">filterByMileage</a></td></tr><tr class="failedeven"><td><a href="#m5">filterByMileage</a></td></tr><tr><th colspan="4">Surefire test &#8212; skipped (configuration methods)</th></tr><tr class="skippedeven"><td rowspan="8">tests.auto.positive.FiltersTest</td><td><a href="#m6">clearCookiesAndLocalStorage</a></td><td rowspan="4">1634724676261</td><td rowspan="4">-1634724676261</td></tr><tr class="skippedeven"><td><a href="#m7">clearCookiesAndLocalStorage</a></td></tr><tr class="skippedeven"><td><a href="#m8">clearCookiesAndLocalStorage</a></td></tr><tr class="skippedeven"><td><a href="#m9">clearCookiesAndLocalStorage</a></td></tr><tr class="skippedeven"><td><a href="#m10">start</a></td><td rowspan="3">1634724676263</td><td rowspan="3">-1634724676263</td></tr><tr class="skippedeven"><td><a href="#m11">start</a></td></tr><tr class="skippedeven"><td><a href="#m12">start</a></td></tr><tr class="skippedeven"><td><a href="#m13">tearDown</a></td><td rowspan="1">1634724676294</td><td rowspan="1">-1634724676294</td></tr><tr><th colspan="4">Surefire test &#8212; skipped</th></tr><tr class="skippedeven"><td rowspan="4">tests.auto.positive.FiltersTest</td><td><a href="#m14">checkBrandInTheList</a></td><td rowspan="1">1634724676258</td><td rowspan="1">0</td></tr><tr class="skippedeven"><td><a href="#m15">defaultFiltersValues</a></td><td rowspan="1">1634724676266</td><td rowspan="1">0</td></tr><tr class="skippedeven"><td><a href="#m16">filterByMileAge</a></td><td rowspan="1">1634724676277</td><td rowspan="1">0</td></tr><tr class="skippedeven"><td><a href="#m17">sortingByPrice</a></td><td rowspan="1">1634724676291</td><td rowspan="1">0</td></tr></tbody>
</table>
<h2>Surefire test</h2><h3 id="m0">tests.auto.positive.FiltersTest#start</h3><table class="result"><tr><th>Exception</th></tr><tr><td><div class="stacktrace">java.lang.NullPointerException: Cannot invoke &quot;pages.BasePage.goToUrl(String)&quot; because &quot;this.basePage&quot; is null
	at tests.auto.positive.FiltersTest.start(FiltersTest.java:19)
	at java.base/java.util.ArrayList.forEach(ArrayList.java:1511)
... Removed 36 stack frames</div></td></tr></table><p class="totop"><a href="#summary">back to summary</a></p>
<h3 id="m1">tests.auto.negative.FiltersTest#filterByMileage</h3><table class="result"><tr class="param"><th>Parameter #1</th></tr><tr class="param stripe"><td>1000.9</td></tr><tr><th>Exception</th></tr><tr><td><div class="stacktrace">java.lang.AssertionError: expected [] but found [10009 км]
	at tests.auto.negative.FiltersTest.filterByMileage(FiltersTest.java:30)
	at java.base/java.util.ArrayList.forEach(ArrayList.java:1511)
... Removed 37 stack frames</div></td></tr></table><p class="totop"><a href="#summary">back to summary</a></p>
<h3 id="m2">tests.auto.negative.FiltersTest#filterByMileage</h3><table class="result"><tr class="param"><th>Parameter #1</th></tr><tr class="param stripe"><td>ABC</td></tr><tr><th>Exception</th></tr><tr><td><div class="stacktrace">org.openqa.selenium.TimeoutException: Expected condition failed: waiting for visibility of [[ChromeDriver: chrome on WINDOWS (6920366b9fc0c9e18ae64f391777642b)] -&gt; css selector: #param_motor_mileage div.filter-item-from span.icon] (tried for 10 second(s) with 500 milliseconds interval)
Build info: version: &apos;3.141.59&apos;, revision: &apos;e82be7d358&apos;, time: &apos;2018-11-14T08:17:03&apos;
System info: host: &apos;DESKTOP-R1OQVL4&apos;, ip: &apos;192.168.1.134&apos;, os.name: &apos;Windows 10&apos;, os.arch: &apos;amd64&apos;, os.version: &apos;10.0&apos;, java.version: &apos;16.0.2&apos;
Driver info: org.openqa.selenium.chrome.ChromeDriver
Capabilities {acceptInsecureCerts: false, browserName: chrome, browserVersion: 95.0.4638.54, chrome: {chromedriverVersion: 94.0.4606.61 (418b78f5838ed..., userDataDir: C:\Users\ONAUME~1\AppData\L...}, goog:chromeOptions: {debuggerAddress: localhost:60879}, javascriptEnabled: true, networkConnectionEnabled: false, pageLoadStrategy: normal, platform: WINDOWS, platformName: WINDOWS, proxy: Proxy(), setWindowRect: true, strictFileInteractability: false, timeouts: {implicit: 0, pageLoad: 300000, script: 30000}, unhandledPromptBehavior: dismiss and notify, webauthn:extension:credBlob: true, webauthn:extension:largeBlob: true, webauthn:virtualAuthenticators: true}
Session ID: 6920366b9fc0c9e18ae64f391777642b
	at org.openqa.selenium.support.ui.WebDriverWait.timeoutException(WebDriverWait.java:95)
	at org.openqa.selenium.support.ui.FluentWait.until(FluentWait.java:272)
	at pages.BasePage.waitElementIsVisible(BasePage.java:66)
	at pages.olxAuto.FindCarPage.setMinMileAge(FindCarPage.java:100)
	at tests.auto.negative.FiltersTest.filterByMileage(FiltersTest.java:29)
	at java.base/java.util.ArrayList.forEach(ArrayList.java:1511)
... Removed 32 stack frames</div></td></tr></table><p class="totop"><a href="#summary">back to summary</a></p>
<h3 id="m3">tests.auto.negative.FiltersTest#filterByMileage</h3><table class="result"><tr class="param"><th>Parameter #1</th></tr><tr class="param stripe"><td>!@#</td></tr><tr><th>Exception</th></tr><tr><td><div class="stacktrace">java.lang.AssertionError: expected [] but found [!@#]
	at tests.auto.negative.FiltersTest.filterByMileage(FiltersTest.java:30)
	at java.base/java.util.ArrayList.forEach(ArrayList.java:1511)
... Removed 37 stack frames</div></td></tr></table><p class="totop"><a href="#summary">back to summary</a></p>
<h3 id="m4">tests.auto.negative.FiltersTest#filterByMileage</h3><table class="result"><tr class="param"><th>Parameter #1</th></tr><tr class="param stripe"><td>#A</td></tr><tr><th>Exception</th></tr><tr><td><div class="stacktrace">java.lang.AssertionError: expected [] but found [#]
	at tests.auto.negative.FiltersTest.filterByMileage(FiltersTest.java:30)
	at java.base/java.util.ArrayList.forEach(ArrayList.java:1511)
... Removed 37 stack frames</div></td></tr></table><p class="totop"><a href="#summary">back to summary</a></p>
<h3 id="m5">tests.auto.negative.FiltersTest#filterByMileage</h3><table class="result"><tr class="param"><th>Parameter #1</th></tr><tr class="param stripe"><td>  </td></tr><tr><th>Exception</th></tr><tr><td><div class="stacktrace">org.openqa.selenium.TimeoutException: Expected condition failed: waiting for visibility of [[ChromeDriver: chrome on WINDOWS (6920366b9fc0c9e18ae64f391777642b)] -&gt; css selector: #param_motor_mileage div.filter-item-from span.icon] (tried for 10 second(s) with 500 milliseconds interval)
Build info: version: &apos;3.141.59&apos;, revision: &apos;e82be7d358&apos;, time: &apos;2018-11-14T08:17:03&apos;
System info: host: &apos;DESKTOP-R1OQVL4&apos;, ip: &apos;192.168.1.134&apos;, os.name: &apos;Windows 10&apos;, os.arch: &apos;amd64&apos;, os.version: &apos;10.0&apos;, java.version: &apos;16.0.2&apos;
Driver info: org.openqa.selenium.chrome.ChromeDriver
Capabilities {acceptInsecureCerts: false, browserName: chrome, browserVersion: 95.0.4638.54, chrome: {chromedriverVersion: 94.0.4606.61 (418b78f5838ed..., userDataDir: C:\Users\ONAUME~1\AppData\L...}, goog:chromeOptions: {debuggerAddress: localhost:60879}, javascriptEnabled: true, networkConnectionEnabled: false, pageLoadStrategy: normal, platform: WINDOWS, platformName: WINDOWS, proxy: Proxy(), setWindowRect: true, strictFileInteractability: false, timeouts: {implicit: 0, pageLoad: 300000, script: 30000}, unhandledPromptBehavior: dismiss and notify, webauthn:extension:credBlob: true, webauthn:extension:largeBlob: true, webauthn:virtualAuthenticators: true}
Session ID: 6920366b9fc0c9e18ae64f391777642b
	at org.openqa.selenium.support.ui.WebDriverWait.timeoutException(WebDriverWait.java:95)
	at org.openqa.selenium.support.ui.FluentWait.until(FluentWait.java:272)
	at pages.BasePage.waitElementIsVisible(BasePage.java:66)
	at pages.olxAuto.FindCarPage.setMinMileAge(FindCarPage.java:100)
	at tests.auto.negative.FiltersTest.filterByMileage(FiltersTest.java:29)
	at java.base/java.util.ArrayList.forEach(ArrayList.java:1511)
... Removed 32 stack frames</div></td></tr></table><p class="totop"><a href="#summary">back to summary</a></p>
<h3 id="m6">tests.auto.positive.FiltersTest#clearCookiesAndLocalStorage</h3><table class="result"><tr><th class="invisible"/></tr></table><p class="totop"><a href="#summary">back to summary</a></p>
<h3 id="m7">tests.auto.positive.FiltersTest#clearCookiesAndLocalStorage</h3><table class="result"><tr><th class="invisible"/></tr></table><p class="totop"><a href="#summary">back to summary</a></p>
<h3 id="m8">tests.auto.positive.FiltersTest#clearCookiesAndLocalStorage</h3><table class="result"><tr><th class="invisible"/></tr></table><p class="totop"><a href="#summary">back to summary</a></p>
<h3 id="m9">tests.auto.positive.FiltersTest#clearCookiesAndLocalStorage</h3><table class="result"><tr><th class="invisible"/></tr></table><p class="totop"><a href="#summary">back to summary</a></p>
<h3 id="m10">tests.auto.positive.FiltersTest#start</h3><table class="result"><tr><th class="invisible"/></tr></table><p class="totop"><a href="#summary">back to summary</a></p>
<h3 id="m11">tests.auto.positive.FiltersTest#start</h3><table class="result"><tr><th class="invisible"/></tr></table><p class="totop"><a href="#summary">back to summary</a></p>
<h3 id="m12">tests.auto.positive.FiltersTest#start</h3><table class="result"><tr><th class="invisible"/></tr></table><p class="totop"><a href="#summary">back to summary</a></p>
<h3 id="m13">tests.auto.positive.FiltersTest#tearDown</h3><table class="result"><tr><th class="invisible"/></tr></table><p class="totop"><a href="#summary">back to summary</a></p>
<h3 id="m14">tests.auto.positive.FiltersTest#checkBrandInTheList</h3><table class="result"><tr><th>Exception</th></tr><tr><td><div class="stacktrace">java.lang.NullPointerException: Cannot invoke &quot;pages.BasePage.goToUrl(String)&quot; because &quot;this.basePage&quot; is null
	at tests.auto.positive.FiltersTest.start(FiltersTest.java:19)
	at java.base/java.util.ArrayList.forEach(ArrayList.java:1511)
... Removed 36 stack frames</div></td></tr></table><p class="totop"><a href="#summary">back to summary</a></p>
<h3 id="m15">tests.auto.positive.FiltersTest#defaultFiltersValues</h3><table class="result"><tr><th>Exception</th></tr><tr><td><div class="stacktrace">java.lang.NullPointerException: Cannot invoke &quot;pages.BasePage.goToUrl(String)&quot; because &quot;this.basePage&quot; is null
	at tests.auto.positive.FiltersTest.start(FiltersTest.java:19)
	at java.base/java.util.ArrayList.forEach(ArrayList.java:1511)
... Removed 36 stack frames</div></td></tr></table><p class="totop"><a href="#summary">back to summary</a></p>
<h3 id="m16">tests.auto.positive.FiltersTest#filterByMileAge</h3><table class="result"><tr><th>Exception</th></tr><tr><td><div class="stacktrace">java.lang.NullPointerException: Cannot invoke &quot;pages.BasePage.goToUrl(String)&quot; because &quot;this.basePage&quot; is null
	at tests.auto.positive.FiltersTest.start(FiltersTest.java:19)
	at java.base/java.util.ArrayList.forEach(ArrayList.java:1511)
... Removed 36 stack frames</div></td></tr></table><p class="totop"><a href="#summary">back to summary</a></p>
<h3 id="m17">tests.auto.positive.FiltersTest#sortingByPrice</h3><table class="result"><tr><th>Exception</th></tr><tr><td><div class="stacktrace">java.lang.NullPointerException: Cannot invoke &quot;pages.BasePage.goToUrl(String)&quot; because &quot;this.basePage&quot; is null
	at tests.auto.positive.FiltersTest.start(FiltersTest.java:19)
	at java.base/java.util.ArrayList.forEach(ArrayList.java:1511)
... Removed 36 stack frames</div></td></tr></table><p class="totop"><a href="#summary">back to summary</a></p>
</body>
</html>
